Arguments: 
  /usr/local/lib/nodejs/node-v14.17.1-linux-x64/bin/node /usr/local/bin/yarn init

PATH: 
  /home/setdev/.cargo/bin:/home/setdev/.local/bin:/home/setdev/bin:/usr/local/sbin:/usr/local/bin:/usr/sbin:/usr/bin:/sbin:/bin:/usr/games:/usr/local/games:/snap/bin:/home/linuxbrew:/home/linuxbrew/.linuxbrew:/usr/local/lib/nodejs/node-v14.17.1-linux-x64/bin:/home/setdev/.local/bin:/home/setdev/.java/jdk-17/bin:/home/linuxbrew/.linuxbrew:/usr/local/lib/nodejs/node-v14.17.1-linux-x64/bin:/home/setdev/.local/bin:/home/setdev/.java/jdk-17/bin:/home/linuxbrew/.linuxbrew:/usr/local/lib/nodejs/node-v14.17.1-linux-x64/bin:/home/setdev/.local/bin:/home/setdev/.java/jdk-17/bin

Yarn version: 
  1.22.10

Node version: 
  14.17.1

Platform: 
  linux x64

Trace: 
  Error: canceled
      at Interface.<anonymous> (/usr/local/lib/node_modules/yarn/lib/cli.js:136216:13)
      at Interface.emit (events.js:375:28)
      at Interface._ttyWrite (readline.js:910:16)
      at ReadStream.onkeypress (readline.js:235:10)
      at ReadStream.emit (events.js:375:28)
      at emitKeys (internal/readline/utils.js:358:14)
      at emitKeys.next (<anonymous>)
      at ReadStream.onData (readline.js:1179:36)
      at ReadStream.emit (events.js:375:28)
      at addChunk (internal/streams/readable.js:290:12)

npm manifest: 
  No manifest

yarn manifest: 
  No manifest

Lockfile: 
  No lockfile
